// 同步 ID: fb9a3ef9 @ Tue Jun 16 14:06:51 UTC 2026
// 同步 ID: 4444be01 @ Wed Jun 17 02:29:05 UTC 2026
// 同步 ID: 7f4cb1f6 @ Thu Jun 18 10:27:01 UTC 2026
// 同步 ID: 96344e1e @ Sat Jun 20 05:22:11 UTC 2026
// 重构日志: 912d3957
// 同步 ID: b4d4fdb1 @ Sun Jun 21 07:29:44 UTC 2026
// 重构日志: d94f00f6
// 重构日志: ec0c63b5
// 重构日志: 2c278a35
// 重构日志: 40cee1f8
// 重构日志: 4fffe0b1
// 同步 ID: 55ac2d1e @ Tue Jun 23 16:33:30 UTC 2026
// 重构日志: cc331d16
// 同步 ID: ffd6f6f6 @ Tue Jun 23 23:08:54 UTC 2026
// 重构日志: 765bc816
// 同步 ID: 0bad7614 @ Fri Jun 26 07:07:02 UTC 2026
// 同步 ID: f4c26f6b @ Sat Jun 27 05:30:21 UTC 2026
// 同步 ID: 8b1d3988 @ Sat Jun 27 09:08:15 UTC 2026
// 重构日志: c5477388
// 重构日志: d2274f57
// 重构日志: 92208849
// 同步 ID: adeb27e5 @ Sun Jun 28 11:15:29 UTC 2026
// 重构日志: cab58ce6
// 同步 ID: 2841ab14 @ Sun Jun 28 17:12:02 UTC 2026
// 重构日志: 4ef1bda2
// 重构日志: aa9b625d
// 同步 ID: c4af6b8b @ Wed Jul  1 13:56:43 UTC 2026
// 重构日志: 53d5b9ee
// 重构日志: 6cf3bb53
// 同步 ID: f50c0dfb @ Fri Jul  3 09:20:42 UTC 2026
